This file contains any messages produced by compilers while
running configure, to aid debugging if configure makes a mistake.

It was created by configure, which was
generated by GNU Autoconf 2.52.20210509.  Invocation command line was

  $ ./configure 

## ---------- ##
## Platform.  ##
## ---------- ##

hostname = Kamp
uname -m = x86_64
uname -r = 5.8.7-zen1
uname -s = Linux
uname -v = #1-NixOS ZEN SMP Tue Jan 1 00:00:00 UTC 1980

/usr/bin/uname -p = unknown
/bin/uname -X     = unknown

/bin/arch              = unknown
/usr/bin/arch -k       = unknown
/usr/convex/getsysinfo = unknown
hostinfo               = unknown
/bin/machine           = unknown
/usr/bin/oslevel       = unknown
/bin/universe          = unknown

PATH = /home/kampr/Applications/.bin:/nix/store/0y4b45s01zjs99xp6559x83pvfhdpai5-enlightenment-0.24.2/bin:/home/kampr/bin:/run/wrappers/bin:/home/kampr/.nix-profile/bin:/etc/profiles/per-user/kampr/bin:/nix/var/nix/profiles/default/bin:/run/current-system/sw/bin:/nix/store/fw4yw11dc58brhir85vzg2ga12x39657-neovim-ruby-env/bin:/nix/store/1s5l90kdzz5ii4bafi2dnyzv3smziq49-nodejs-16.13.2/bin

## ------------ ##
## Core tests.  ##
## ------------ ##

configure:1170: PATH=".;."; conftest.sh
./configure: line 1171: conftest.sh: command not found
configure:1173: $? = 127
configure:1190: checking for ggrep
configure:1216: result: no
configure:1190: checking for grep
configure:1205: found /run/current-system/sw/bin/grep
configure:1213: result: grep
configure:1224: checking for egrep
configure:1280: result: grep -E
configure:1290: result: Configuring NCURSES 6.3 ABI 6 (Fri Feb  4 15:31:02 CET 2022)
configure:1294: checking for package version
configure:1315: result: 6.3
configure:1318: checking for package patch date
configure:1335: result: 20211021
configure:1346: testing ABI VERSION 5:0:10 ...
configure:1350: testing VERSION_MAJOR 6 ...
configure:1354: testing VERSION_MINOR 3 ...
configure:1358: testing VERSION_PATCH 20211021 ...
configure:1500: checking build system type
configure:1518: result: x86_64-pc-linux-gnu
configure:1525: checking host system type
configure:1539: result: x86_64-pc-linux-gnu
configure:1547: checking target system type
configure:1561: result: x86_64-pc-linux-gnu
configure:1593: result: Configuring for linux-gnu
configure:1618: checking for fgrep
configure:1674: result: grep -F
configure:1678: checking for prefix
configure:1690: result: /usr
configure:1819: checking for gnatgcc
configure:1845: result: no
configure:1819: checking for gcc
configure:1834: found /home/kampr/.nix-profile/bin/gcc
configure:1842: result: gcc
configure:1860: checking for C compiler version
configure:1863: gcc --version </dev/null >&5
gcc (GCC) 10.3.0
Copyright (C) 2020 Free Software Foundation, Inc.
This is free software; see the source for copying conditions.  There is NO
warranty; not even for MERCHANTABILITY or FITNESS FOR A PARTICULAR PURPOSE.

configure:1866: $? = 0
configure:1868: gcc -v </dev/null >&5
Using built-in specs.
COLLECT_GCC=/nix/store/mlfy9ifzszg7z2q6aiblvm5qkfn3bmwb-gcc-10.3.0/bin/gcc
COLLECT_LTO_WRAPPER=/nix/store/mlfy9ifzszg7z2q6aiblvm5qkfn3bmwb-gcc-10.3.0/libexec/gcc/x86_64-unknown-linux-gnu/10.3.0/lto-wrapper
Target: x86_64-unknown-linux-gnu
Configured with: 
Thread model: posix
Supported LTO compression algorithms: zlib
gcc version 10.3.0 (GCC) 
configure:1871: $? = 0
configure:1873: gcc -V </dev/null >&5
gcc: error: unrecognized command-line option '-V'
gcc: fatal error: no input files
compilation terminated.
configure:1876: $? = 1
configure:1896: checking for C compiler default output
configure:1899: gcc    conftest.c  >&5
configure:1902: $? = 0
configure:1931: result: a.out
configure:1936: checking whether the C compiler works
configure:1942: ./a.out
configure:1945: $? = 0
configure:1960: result: yes
configure:1967: checking whether we are cross compiling
configure:1969: result: no
configure:1972: checking for executable suffix
configure:1974: gcc -o conftest    conftest.c  >&5
configure:1977: $? = 0
configure:1999: result: 
configure:2005: checking for object suffix
configure:2023: gcc -c   conftest.c >&5
configure:2026: $? = 0
configure:2045: result: o
configure:2049: checking whether we are using the GNU C compiler
configure:2070: gcc -c   conftest.c >&5
configure:2073: $? = 0
configure:2076: test -s conftest.o
configure:2079: $? = 0
configure:2091: result: yes
configure:2097: checking whether gcc accepts -g
configure:2115: gcc -c -g  conftest.c >&5
configure:2118: $? = 0
configure:2121: test -s conftest.o
configure:2124: $? = 0
configure:2134: result: yes
configure:2161: gcc -c -g -O2  conftest.c >&5
conftest.c:2:3: error: unknown type name 'choke'
    2 |   choke me
      |   ^~~~~
conftest.c:2:3: error: expected '=', ',', ';', 'asm' or '__attribute__' at end of input
configure:2164: $? = 1
configure: failed program was:
#ifndef __cplusplus
  choke me
#endif
configure:2265: checking version of gcc
configure:2269: result: 10.3.0
configure:2278: checking if this is really Intel C compiler
configure:2300: gcc -c -g -O2 -no-gcc  conftest.c >&5
gcc: error: unrecognized command-line option '-no-gcc'
configure:2303: $? = 1
configure: failed program was:
#line 2283 "configure"
#include "confdefs.h"

int
main (void)
{

#ifdef __INTEL_COMPILER
#else
make an error
#endif

  ;
  return 0;
}
configure:2320: result: no
configure:2329: checking if this is really Clang C compiler
configure:2350: gcc -c -g -O2  conftest.c >&5
configure: In function 'main':
configure:2341:1: error: unknown type name 'make'
 2341 | #else
      | ^~~~
configure:2341:9: error: expected '=', ',', ';', 'asm' or '__attribute__' before 'error'
 2341 | #else
      |         ^    
configure:2353: $? = 1
configure: failed program was:
#line 2333 "configure"
#include "confdefs.h"

int
main (void)
{

#ifdef __clang__
#else
make an error
#endif

  ;
  return 0;
}
configure:2369: result: no
configure:2450: checking for gcc option to accept ANSI C
configure:2507: gcc  -c -g -O2  conftest.c >&5
configure:2510: $? = 0
configure:2513: test -s conftest.o
configure:2516: $? = 0
configure:2533: result: none needed
configure:2544: checking $CFLAGS variable
configure:2658: result: ok
configure:2663: checking $CC variable
configure:2798: result: ok
configure:2809: checking how to run the C preprocessor
configure:2835: gcc -E  conftest.c
configure:2841: $? = 0
configure:2868: gcc -E  conftest.c
configure:2865:10: fatal error: ac_nonexistent.h: No such file or directory
 2865 | #include "confdefs.h"
      |          ^~~~~~~~~~~~      
compilation terminated.
configure:2874: $? = 1
configure: failed program was:
#line 2864 "configure"
#include "confdefs.h"
#include <ac_nonexistent.h>
configure:2911: result: gcc -E
configure:2926: gcc -E  conftest.c
configure:2932: $? = 0
configure:2959: gcc -E  conftest.c
configure:2956:10: fatal error: ac_nonexistent.h: No such file or directory
 2956 | #include "confdefs.h"
      |          ^~~~~~~~~~~~      
compilation terminated.
configure:2965: $? = 1
configure: failed program was:
#line 2955 "configure"
#include "confdefs.h"
#include <ac_nonexistent.h>
configure:3006: checking whether gcc needs -traditional
configure:3041: result: no
configure:3048: checking whether gcc understands -c and -o together
configure:3063: gcc -g -O2  -c conftest.c -o conftest2.o >&5
configure:3066: $? = 0
configure:3068: gcc -g -O2  -c conftest.c -o conftest2.o >&5
configure:3071: $? = 0
configure:3082: result: yes
configure:3099: checking for ldconfig
configure:3116: found /run/current-system/sw/bin/ldconfig
configure:3127: result: /run/current-system/sw/bin/ldconfig
configure:3138: checking if you want to ensure bool is consistent with C++
configure:3148: result: yes
configure:3205: checking for g++
configure:3220: found /home/kampr/.nix-profile/bin/g++
configure:3228: result: g++
configure:3243: checking for C++ compiler version
configure:3246: g++ --version </dev/null >&5
g++ (GCC) 10.3.0
Copyright (C) 2020 Free Software Foundation, Inc.
This is free software; see the source for copying conditions.  There is NO
warranty; not even for MERCHANTABILITY or FITNESS FOR A PARTICULAR PURPOSE.

configure:3249: $? = 0
configure:3251: g++ -v </dev/null >&5
Using built-in specs.
COLLECT_GCC=/nix/store/mlfy9ifzszg7z2q6aiblvm5qkfn3bmwb-gcc-10.3.0/bin/g++
COLLECT_LTO_WRAPPER=/nix/store/mlfy9ifzszg7z2q6aiblvm5qkfn3bmwb-gcc-10.3.0/libexec/gcc/x86_64-unknown-linux-gnu/10.3.0/lto-wrapper
Target: x86_64-unknown-linux-gnu
Configured with: 
Thread model: posix
Supported LTO compression algorithms: zlib
gcc version 10.3.0 (GCC) 
configure:3254: $? = 0
configure:3256: g++ -V </dev/null >&5
g++: error: unrecognized command-line option '-V'
g++: fatal error: no input files
compilation terminated.
configure:3259: $? = 1
configure:3262: checking whether we are using the GNU C++ compiler
configure:3283: g++ -c   conftest.cc >&5
configure:3286: $? = 0
configure:3289: test -s conftest.o
configure:3292: $? = 0
configure:3304: result: yes
configure:3310: checking whether g++ accepts -g
configure:3328: g++ -c -g  conftest.cc >&5
configure:3331: $? = 0
configure:3334: test -s conftest.o
configure:3337: $? = 0
configure:3347: result: yes
configure:3387: g++ -c -g -O2  conftest.cc >&5
configure:3390: $? = 0
configure:3393: test -s conftest.o
configure:3396: $? = 0
configure:3418: g++ -c -g -O2  conftest.cc >&5
configure: In function 'int main()':
configure:3411:1: error: 'exit' was not declared in this scope
 3411 | {
      | ^   
configure:3421: $? = 1
configure: failed program was:
#line 3406 "configure"
#include "confdefs.h"

int
main (void)
{
exit (42);
  ;
  return 0;
}
configure:3387: g++ -c -g -O2  conftest.cc >&5
configure:3390: $? = 0
configure:3393: test -s conftest.o
configure:3396: $? = 0
configure:3418: g++ -c -g -O2  conftest.cc >&5
configure:3421: $? = 0
configure:3424: test -s conftest.o
configure:3427: $? = 0
configure:3461: checking if g++ works
configure:3486: g++ -c -g -O2  -I/usr/include conftest.cc >&5
configure:3489: $? = 0
configure:3492: test -s conftest.o
configure:3495: $? = 0
configure:3506: result: yes
configure:3526: checking for g++
configure:3543: found /home/kampr/.nix-profile/bin/g++
configure:3554: result: /home/kampr/.nix-profile/bin/g++
configure:3573: checking version of /home/kampr/.nix-profile/bin/g++
configure:3581: result: 10.3.0
configure:3594: checking if you want to build C++ binding and demo
configure:3604: result: yes
configure:3607: checking if you want to build with Ada
configure:3609: result: yes
configure:3612: checking if you want to install terminal database
configure:3622: result: yes
configure:3625: checking if you want to install manpages
configure:3635: result: yes
configure:3638: checking if you want to build programs such as tic
configure:3648: result: yes
configure:3676: checking if you want to build test-programs
configure:3686: result: yes
configure:3689: checking if you wish to install curses.h
configure:3699: result: yes
configure:3724: checking for mawk
configure:3750: result: no
configure:3724: checking for gawk
configure:3739: found /run/current-system/sw/bin/gawk
configure:3747: result: gawk
configure:3773: checking for a BSD compatible install
configure:3822: result: /run/current-system/sw/bin/install -c
configure:3847: checking for lint
configure:3873: result: no
configure:3847: checking for cppcheck
configure:3873: result: no
configure:3847: checking for splint
configure:3873: result: no
configure:3886: checking whether ln -s works
configure:3890: result: yes
configure:3897: checking if ln -s -f options work
configure:3909: result: yes
configure:3914: checking for long file names
configure:3953: result: yes
configure:3982: checking if you want to use pkg-config
configure:3992: result: yes
configure:4044: checking for pkg-config
configure:4073: result: none
configure:4126: WARNING: pkg-config is not installed
configure:4132: checking for pkg-config library directory
configure:4227: checking for first directory
configure:4238: result: none
configure:4251: checking if we should install .pc files
configure:4262: result: no
configure:4335: checking if we should assume mixed-case filenames
configure:4345: result: auto
configure:4349: checking if filesystem supports mixed-case filenames
configure:4376: result: yes
configure:4395: checking whether make sets ${MAKE}
configure:4415: result: yes
configure:4424: checking for ".PHONY" make-support
make[2]: Entering directory '/home/kampr/dev/mini-shell-racoon/ncurses/conftest'
** making always.out 1
echo 1 > always.out
** making always 1
make[2]: Leaving directory '/home/kampr/dev/mini-shell-racoon/ncurses/conftest'
make[2]: Entering directory '/home/kampr/dev/mini-shell-racoon/ncurses/conftest'
** making once.out 1
echo 1 > once.out
** making once 1
make[2]: Leaving directory '/home/kampr/dev/mini-shell-racoon/ncurses/conftest'
make[2]: Entering directory '/home/kampr/dev/mini-shell-racoon/ncurses/conftest'
make[2]: Nothing to be done for 'always'.
touch once
make[2]: Leaving directory '/home/kampr/dev/mini-shell-racoon/ncurses/conftest'
make[2]: Entering directory '/home/kampr/dev/mini-shell-racoon/ncurses/conftest'
** making always.out 2
echo 2 > always.out
** making always 2
make[2]: Leaving directory '/home/kampr/dev/mini-shell-racoon/ncurses/conftest'
make[2]: Entering directory '/home/kampr/dev/mini-shell-racoon/ncurses/conftest'
** making once.out 2
echo 2 > once.out
** making once 2
make[2]: Leaving directory '/home/kampr/dev/mini-shell-racoon/ncurses/conftest'
make[2]: Entering directory '/home/kampr/dev/mini-shell-racoon/ncurses/conftest'
make[2]: Nothing to be done for 'always'.
touch once
make[2]: Leaving directory '/home/kampr/dev/mini-shell-racoon/ncurses/conftest'
make[2]: Entering directory '/home/kampr/dev/mini-shell-racoon/ncurses/conftest'
** making always.out 3
echo 3 > always.out
** making always 3
make[2]: Leaving directory '/home/kampr/dev/mini-shell-racoon/ncurses/conftest'
make[2]: Entering directory '/home/kampr/dev/mini-shell-racoon/ncurses/conftest'
** making once.out 3
echo 3 > once.out
** making once 3
make[2]: Leaving directory '/home/kampr/dev/mini-shell-racoon/ncurses/conftest'
make[2]: Entering directory '/home/kampr/dev/mini-shell-racoon/ncurses/conftest'
make[2]: Nothing to be done for 'always'.
touch once
make[2]: Leaving directory '/home/kampr/dev/mini-shell-racoon/ncurses/conftest'
configure:4479: result: yes
configure:4490: checking for exctags
configure:4516: result: no
configure:4490: checking for ctags
configure:4505: found /home/kampr/.nix-profile/bin/ctags
configure:4513: result: ctags
configure:4527: checking for exetags
configure:4553: result: no
configure:4527: checking for etags
configure:4542: found /home/kampr/.nix-profile/bin/etags
configure:4550: result: etags
configure:4562: checking for ctags
configure:4577: found /home/kampr/.nix-profile/bin/ctags
configure:4586: result: yes
configure:4596: checking for etags
configure:4611: found /home/kampr/.nix-profile/bin/etags
configure:4620: result: yes
configure:4643: checking for makeflags variable
configure:4681: result: -${MAKEFLAGS}
configure:4722: checking for ranlib
configure:4737: found /home/kampr/.nix-profile/bin/ranlib
configure:4746: result: ranlib
configure:4796: checking for ld
configure:4811: found /home/kampr/.nix-profile/bin/ld
configure:4820: result: ld
configure:4870: checking for ar
configure:4885: found /home/kampr/.nix-profile/bin/ar
configure:4894: result: ar
configure:4944: checking for nm
configure:4959: found /home/kampr/.nix-profile/bin/nm
configure:4968: result: nm
configure:5018: checking for ar
configure:5042: result: ar
configure:5054: checking for options to update archives
configure:5094: gcc -c -g -O2  conftest.c >&5
configure:5097: $? = 0
ar  -curvU conftest.a conftest.o
configure:5118: result: -curvU
configure:5129: checking if you have specified an install-prefix
configure:5142: result: 
configure:5306: checking if libtool -version-number should be used
configure:5323: result: yes
configure:5372: checking if you want to build libraries with libtool
configure:5382: result: no
configure:5692: checking if you want to build shared libraries
configure:5702: result: no
configure:5706: checking if you want to build static libraries
configure:5716: result: yes
configure:5720: checking if you want to build debug libraries
configure:5730: result: yes
configure:5734: checking if you want to build profiling libraries
configure:5744: result: no
configure:5769: checking for specified models
configure:5773: result:  normal debug
configure:5778: checking for default model
configure:5781: result: normal
configure:5795: checking if you want to have a library-prefix
configure:5805: result: auto
configure:5836: checking for PATH separator
configure:5843: result: :
configure:5848: checking if you want to build a separate terminfo library
configure:5858: result: no
configure:5861: checking if you want to build a separate tic library
configure:5871: result: no
configure:5884: checking for default loader flags
configure:5893: result: 
configure:5933: checking for an rpath option
configure:5964: result: -Wl,-rpath,
configure:6043: checking if release/abi version should be used for shared libs
configure:6069: result: auto
configure:6092: checking which gcc option to use
configure:6111: gcc -c -g -O2 -fPIC  conftest.c >&5
configure:6114: $? = 0
configure:6117: test -s conftest.o
configure:6120: $? = 0
configure:6129: result: -fPIC
configure:6697: testing CC_SHARED_OPTS: -fPIC ...
configure:6701: testing MK_SHARED_LIB:  ${CC} ${LDFLAGS} ${CFLAGS} -shared -Wl,-soname,`basename $@ .${REL_VERSION}`.${ABI_VERSION},-stats,-lc -o $@ ...
configure:6953: checking if you want to link with the GPM mouse library
configure:6963: result: maybe
configure:6967: checking for gpm.h
configure:6977: gcc -E  conftest.c
configure:6974:10: fatal error: gpm.h: No such file or directory
 6974 | #include "confdefs.h"
      |          ^~~~~~~
compilation terminated.
configure:6983: $? = 1
configure: failed program was:
#line 6973 "configure"
#include "confdefs.h"
#include <gpm.h>
configure:7002: result: no
configure:7543: checking if you want to use PCRE2 for regular-expressions
configure:7552: result: no
configure:8043: checking if you want to disable library suffixes
configure:8060: result: no
configure:8329: checking if you want to disable extra LDFLAGS for package-scripts
configure:8346: result: no
configure:8354: checking if you wish to append extra suffix to header/library paths
configure:8373: result: 
configure:8377: checking if you wish to install ncurses overwriting curses
configure:8387: result: yes
configure:8390: checking if external terminfo-database is used
configure:8400: result: yes
configure:8416: checking which terminfo source-file will be installed
configure:8424: result: ${top_srcdir}/misc/terminfo.src
configure:8427: checking whether to use hashed database instead of directory/tree
configure:8437: result: no
configure:8443: checking for list of fallback descriptions
configure:8453: result: 
configure:8512: checking for tic
configure:8527: found /run/current-system/sw/bin/tic
configure:8535: result: tic
configure:8585: checking for infocmp
configure:8600: found /run/current-system/sw/bin/infocmp
configure:8608: result: infocmp
configure:8951: checking if you want modern xterm or antique
configure:8965: result: xterm-new
configure:8969: checking if xterm backspace sends BS or DEL
configure:8990: result: BS
configure:9000: checking for list of terminfo directories
configure:9063: result: /home/kampr/.nix-profile/share/terminfo:/etc/profiles/per-user/kampr/share/terminfo:/nix/var/nix/profiles/default/share/terminfo:/run/current-system/sw/share/terminfo
configure:9078: checking for default terminfo directory
configure:9123: result: /usr/share/terminfo
configure:9134: checking if big-core option selected
configure:9160: gcc -o conftest -g -O2   conftest.c  >&5
configure:9163: $? = 0
configure:9165: ./conftest
configure:9168: $? = 0
configure:9180: result: yes
configure:9190: checking if big-strings option selected
configure:9214: result: yes
configure:9221: checking if you want termcap-fallback support
configure:9231: result: no
configure:9365: checking if ~/.terminfo is wanted
configure:9375: result: yes
configure:9382: checking if you want to permit root to use ncurses environment variables
configure:9392: result: yes
configure:9399: checking if you want to permit setuid programs to access all files
configure:9409: result: yes
configure:9424: checking for unistd.h
configure:9434: gcc -E  conftest.c
configure:9440: $? = 0
configure:9459: result: yes
configure:9474: checking for remove
configure:9511: gcc -o conftest -g -O2   conftest.c  >&5
configure:9514: $? = 0
configure:9517: test -s conftest
configure:9520: $? = 0
configure:9530: result: yes
configure:9474: checking for unlink
configure:9511: gcc -o conftest -g -O2   conftest.c  >&5
configure:9514: $? = 0
configure:9517: test -s conftest
configure:9520: $? = 0
configure:9530: result: yes
configure:9614: checking if link/symlink functions work
configure:9665: gcc -o conftest -g -O2   conftest.c  >&5
configure:9668: $? = 0
configure:9670: ./conftest
configure:9673: $? = 0
configure:9665: gcc -o conftest -g -O2   conftest.c  >&5
configure:9668: $? = 0
configure:9670: ./conftest
configure:9673: $? = 0
configure:9691: result:  link symlink
configure:9711: checking if tic should use symbolic links
configure:9721: result: no
configure:9728: checking if tic should use hard links
configure:9735: result: yes
configure:9751: checking if you want broken-linker support code
configure:9761: result: no
configure:9775: checking if tputs should process BSD-style prefix padding
configure:9785: result: no
configure:9804: checking if the POSIX test-macros are already defined
configure:9830: gcc -c -g -O2  conftest.c >&5
configure:9833: $? = 0
configure:9836: test -s conftest.o
configure:9839: $? = 0
configure:9850: result: no
configure:9895: checking if this is the GNU C library
configure:9921: gcc -c -g -O2  conftest.c >&5
configure:9924: $? = 0
configure:9927: test -s conftest.o
configure:9930: $? = 0
configure:9941: result: yes
configure:9949: checking if _DEFAULT_SOURCE can be used as a basis
configure:9980: gcc -c -g -O2 -D_DEFAULT_SOURCE conftest.c >&5
configure:9983: $? = 0
configure:9986: test -s conftest.o
configure:9989: $? = 0
configure:10001: result: yes
configure:10006: checking if _XOPEN_SOURCE=600 works with _DEFAULT_SOURCE
configure:10131: gcc -c -g -O2 -D_DEFAULT_SOURCE -D_XOPEN_SOURCE=600 conftest.c >&5
configure:10134: $? = 0
configure:10137: test -s conftest.o
configure:10140: $? = 0
configure:10151: result: yes
configure:11359: checking if _XOPEN_SOURCE really is set
configure:11377: gcc -c -g -O2 -D_DEFAULT_SOURCE -D_XOPEN_SOURCE=600 conftest.c >&5
configure:11380: $? = 0
configure:11383: test -s conftest.o
configure:11386: $? = 0
configure:11395: result: yes
configure:11415: gcc -c -g -O2 -D_DEFAULT_SOURCE -D_XOPEN_SOURCE=600 conftest.c >&5
configure:11418: $? = 0
configure:11421: test -s conftest.o
configure:11424: $? = 0
configure:11681: checking if SIGWINCH is defined
configure:11703: gcc -c -g -O2 -D_DEFAULT_SOURCE -D_XOPEN_SOURCE=600 conftest.c >&5
configure:11706: $? = 0
configure:11709: test -s conftest.o
configure:11712: $? = 0
configure:11760: result: yes
configure:11830: checking for nl_langinfo and CODESET
configure:11848: gcc -o conftest -g -O2 -D_DEFAULT_SOURCE -D_XOPEN_SOURCE=600  conftest.c  >&5
configure:11851: $? = 0
configure:11854: test -s conftest
configure:11857: $? = 0
configure:11868: result: yes
configure:11882: checking if you want wide-character code
configure:11892: result: no
configure:13251: checking whether to enable _LP64 definition in curses.h
configure:13261: result: yes
configure:13277: checking for special C compiler options needed for large files
configure:13351: result: no
configure:13357: checking for _FILE_OFFSET_BITS value needed for large files
configure:13385: gcc -c -g -O2 -D_DEFAULT_SOURCE -D_XOPEN_SOURCE=600 conftest.c >&5
configure:13388: $? = 0
configure:13391: test -s conftest.o
configure:13394: $? = 0
configure:13444: result: no
configure:13454: checking for _LARGE_FILES value needed for large files
configure:13482: gcc -c -g -O2 -D_DEFAULT_SOURCE -D_XOPEN_SOURCE=600 conftest.c >&5
configure:13485: $? = 0
configure:13488: test -s conftest.o
configure:13491: $? = 0
configure:13541: result: no
configure:13554: checking for _LARGEFILE_SOURCE value needed for large files
configure:13574: gcc -c -g -O2 -D_DEFAULT_SOURCE -D_XOPEN_SOURCE=600 conftest.c >&5
configure:13577: $? = 0
configure:13580: test -s conftest.o
configure:13583: $? = 0
configure:13625: result: no
configure:13639: checking for fseeko
configure:13657: gcc -o conftest -g -O2 -D_DEFAULT_SOURCE -D_XOPEN_SOURCE=600  conftest.c  >&5
configure:13660: $? = 0
configure:13663: test -s conftest
configure:13666: $? = 0
configure:13676: result: yes
configure:13715: checking whether to use struct dirent64
configure:13745: gcc -c -g -O2 -D_DEFAULT_SOURCE -D_XOPEN_SOURCE=600 conftest.c >&5
configure: In function 'main':
configure:13733:28: error: conflicting types for 'readdir'
13733 |   /* if transitional largefile support is setup, this is true */
      |                            ^~~~~~~
In file included from configure:13726:
/nix/store/sr2bm5pp15dhb80w16vrwyhgh40kd4yf-glibc-2.33-59-dev/include/dirent.h:162:23: note: previous declaration of 'readdir' was here
  162 | extern struct dirent *readdir (DIR *__dirp) __nonnull ((1));
      |                       ^~~~~~~
configure:13735:22: error: initialization of 'struct dirent *' from incompatible pointer type 'struct dirent64 *' [-Werror=incompatible-pointer-types]
13735 |   struct dirent64 *x = readdir((DIR *)0);
      |                      ^~~~~~~
configure:13736:13: error: invalid operands to binary - (have 'struct dirent64 *' and 'struct dirent *')
13736 |   struct dirent *y = readdir((DIR *)0);
      |             ^
cc1: some warnings being treated as errors
configure:13748: $? = 1
configure: failed program was:
#line 13722 "configure"
#include "confdefs.h"

#pragma GCC diagnostic error "-Wincompatible-pointer-types"
#include <sys/types.h>
#include <dirent.h>

int
main (void)
{

		/* if transitional largefile support is setup, this is true */
		extern struct dirent64 * readdir(DIR *);
		struct dirent64 *x = readdir((DIR *)0);
		struct dirent *y = readdir((DIR *)0);
		int z = x - y;
		(void)z;

  ;
  return 0;
}
configure:13765: result: no
configure:13775: checking if you want tparm not to use X/Open fixed-parameter list
configure:13785: result: yes
configure:13809: checking if you want to enable wattr* macros
configure:13821: result: no
configure:13829: checking for X11 rgb file
configure:13901: result: ${exec_prefix}/lib/X11/rgb.txt
configure:13915: checking for type of bool
configure:13925: result: auto
configure:13928: checking for alternate terminal capabilities file
configure:13939: result: Caps
configure:13943: checking for type of chtype
configure:13953: result: uint32_t
configure:13957: checking for type of ospeed
configure:13967: result: short
configure:13971: checking for type of mmask_t
configure:13981: result: uint32_t
configure:13985: checking for size CCHARW_MAX
configure:13995: result: 5
configure:13998: checking for ANSI C header files
configure:14012: gcc -E -D_DEFAULT_SOURCE -D_XOPEN_SOURCE=600 conftest.c
configure:14018: $? = 0
configure:14105: gcc -o conftest -g -O2 -D_DEFAULT_SOURCE -D_XOPEN_SOURCE=600  conftest.c  >&5
configure:14108: $? = 0
configure:14110: ./conftest
configure:14113: $? = 0
configure:14126: result: yes
configure:14142: checking for sys/types.h
configure:14154: gcc -c -g -O2 -D_DEFAULT_SOURCE -D_XOPEN_SOURCE=600 conftest.c >&5
configure:14157: $? = 0
configure:14160: test -s conftest.o
configure:14163: $? = 0
configure:14173: result: yes
configure:14142: checking for sys/stat.h
configure:14154: gcc -c -g -O2 -D_DEFAULT_SOURCE -D_XOPEN_SOURCE=600 conftest.c >&5
configure:14157: $? = 0
configure:14160: test -s conftest.o
configure:14163: $? = 0
configure:14173: result: yes
configure:14142: checking for stdlib.h
configure:14154: gcc -c -g -O2 -D_DEFAULT_SOURCE -D_XOPEN_SOURCE=600 conftest.c >&5
configure:14157: $? = 0
configure:14160: test -s conftest.o
configure:14163: $? = 0
configure:14173: result: yes
configure:14142: checking for string.h
configure:14154: gcc -c -g -O2 -D_DEFAULT_SOURCE -D_XOPEN_SOURCE=600 conftest.c >&5
configure:14157: $? = 0
configure:14160: test -s conftest.o
configure:14163: $? = 0
configure:14173: result: yes
configure:14142: checking for memory.h
configure:14154: gcc -c -g -O2 -D_DEFAULT_SOURCE -D_XOPEN_SOURCE=600 conftest.c >&5
configure:14157: $? = 0
configure:14160: test -s conftest.o
configure:14163: $? = 0
configure:14173: result: yes
configure:14142: checking for strings.h
configure:14154: gcc -c -g -O2 -D_DEFAULT_SOURCE -D_XOPEN_SOURCE=600 conftest.c >&5
configure:14157: $? = 0
configure:14160: test -s conftest.o
configure:14163: $? = 0
configure:14173: result: yes
configure:14142: checking for inttypes.h
configure:14154: gcc -c -g -O2 -D_DEFAULT_SOURCE -D_XOPEN_SOURCE=600 conftest.c >&5
configure:14157: $? = 0
configure:14160: test -s conftest.o
configure:14163: $? = 0
configure:14173: result: yes
configure:14142: checking for stdint.h
configure:14154: gcc -c -g -O2 -D_DEFAULT_SOURCE -D_XOPEN_SOURCE=600 conftest.c >&5
configure:14157: $? = 0
configure:14160: test -s conftest.o
configure:14163: $? = 0
configure:14173: result: yes
configure:14142: checking for unistd.h
configure:14173: result: yes
configure:14183: checking for signed char
configure:14204: gcc -c -g -O2 -D_DEFAULT_SOURCE -D_XOPEN_SOURCE=600 conftest.c >&5
configure:14207: $? = 0
configure:14210: test -s conftest.o
configure:14213: $? = 0
configure:14223: result: yes
configure:14226: checking size of signed char
configure:14390: gcc -o conftest -g -O2 -D_DEFAULT_SOURCE -D_XOPEN_SOURCE=600  conftest.c  >&5
configure:14393: $? = 0
configure:14395: ./conftest
configure:14398: $? = 0
configure:14414: result: 1
configure:14425: checking if you want to use signed Boolean array in term.h
configure:14435: result: no
configure:14440: checking for type of tparm args
configure:14450: result: intptr_t
configure:14454: checking if RCS identifiers should be compiled-in
configure:14464: result: no
configure:14473: checking format of man-pages
configure:14562: result: normal
configure:14569: checking for manpage renaming
configure:14611: result: no
configure:14614: checking if manpage aliases will be installed
configure:14625: result: yes
configure:14639: checking if manpage symlinks should be used
configure:14658: result: yes
configure:14662: checking for manpage tbl
configure:14673: result: no
configure:15006: checking if you want to build with function extensions
configure:15016: result: yes
configure:15076: checking if you want to build with SCREEN extensions
configure:15086: result: yes
configure:15105: checking if you want to build with terminal-driver
configure:15115: result: no
configure:15136: checking for extended use of const keyword
configure:15146: result: yes
configure:15154: checking if you want to use extended colors
configure:15164: result: yes
configure:15169: WARNING: This option applies only to wide-character library
configure:15207: checking if you want to use extended mouse encoding
configure:15217: result: yes
configure:15237: checking if you want to use extended putwin/screendump
configure:15247: result: yes
configure:15257: checking if you want $NCURSES_NO_PADDING code
configure:15267: result: yes
configure:15275: checking if you want SIGWINCH handler
configure:15285: result: yes
configure:15293: checking if you want user-definable terminal capabilities like termcap
configure:15303: result: yes
configure:15310: checking if you want to link with the pthread library
configure:15320: result: no
configure:15662: checking if you want reentrant code
configure:15672: result: no
configure:15772: checking if you want opaque curses-library structures
configure:15794: result: no
configure:15803: checking if you want opaque form-library structures
configure:15813: result: no
configure:15816: checking if you want opaque menu-library structures
configure:15826: result: no
configure:15829: checking if you want opaque panel-library structures
configure:15839: result: no
configure:15872: checking if you want all development code
configure:15882: result: no
configure:15886: checking if you want hard-tabs code
configure:15896: result: no
configure:15904: checking if you want limited support for xmc
configure:15914: result: no
configure:15924: checking if you do not want to assume colors are white-on-black
configure:15934: result: yes
configure:15942: checking if you want hashmap scrolling-optimization code
configure:15952: result: yes
configure:15960: checking if you want colorfgbg code
configure:15970: result: no
configure:15978: checking if you want to use gcc -fvisibility option
configure:15988: result: no
configure:16325: checking if you want interop bindings
configure:16335: result: yes
configure:16341: checking if you want experimental safe-sprintf code
configure:16351: result: no
configure:16376: checking if you want wgetch-events code
configure:16386: result: no
configure:16437: checking if you want to see long compiling messages
configure:16471: result: yes
configure:16484: checking if you want to install stripped executables
configure:16501: result: yes
configure:16512: checking if install accepts -p option

## ----------------- ##
## Cache variables.  ##
## ----------------- ##

ac_cv_build=x86_64-pc-linux-gnu
ac_cv_build_alias=x86_64-pc-linux-gnu
ac_cv_c_compiler_gnu=yes
ac_cv_cxx_compiler_gnu=yes
ac_cv_env_CC_set=
ac_cv_env_CC_value=
ac_cv_env_CFLAGS_set=
ac_cv_env_CFLAGS_value=
ac_cv_env_CPPFLAGS_set=
ac_cv_env_CPPFLAGS_value=
ac_cv_env_CPP_set=
ac_cv_env_CPP_value=
ac_cv_env_CXXCPP_set=
ac_cv_env_CXXCPP_value=
ac_cv_env_CXXFLAGS_set=
ac_cv_env_CXXFLAGS_value=
ac_cv_env_CXX_set=
ac_cv_env_CXX_value=
ac_cv_env_LDFLAGS_set=
ac_cv_env_LDFLAGS_value=
ac_cv_env_build_alias_set=
ac_cv_env_build_alias_value=
ac_cv_env_host_alias_set=
ac_cv_env_host_alias_value=
ac_cv_env_target_alias_set=
ac_cv_env_target_alias_value=
ac_cv_func_fseeko=yes
ac_cv_func_link=yes
ac_cv_func_remove=yes
ac_cv_func_symlink=yes
ac_cv_func_unlink=yes
ac_cv_header_gpm_h=no
ac_cv_header_inttypes_h=yes
ac_cv_header_memory_h=yes
ac_cv_header_stdc=yes
ac_cv_header_stdint_h=yes
ac_cv_header_stdlib_h=yes
ac_cv_header_string_h=yes
ac_cv_header_strings_h=yes
ac_cv_header_sys_stat_h=yes
ac_cv_header_sys_types_h=yes
ac_cv_header_unistd_h=yes
ac_cv_host=x86_64-pc-linux-gnu
ac_cv_host_alias=x86_64-pc-linux-gnu
ac_cv_objext=o
ac_cv_path_CXX=/home/kampr/.nix-profile/bin/g++
ac_cv_path_EGREP='grep -E'
ac_cv_path_FGREP='grep -F'
ac_cv_path_LDCONFIG=/run/current-system/sw/bin/ldconfig
ac_cv_path_ac_pt_PKG_CONFIG=none
ac_cv_path_install='/run/current-system/sw/bin/install -c'
ac_cv_prog_AWK=gawk
ac_cv_prog_CPP='gcc -E'
ac_cv_prog_CTAGS=ctags
ac_cv_prog_ETAGS=etags
ac_cv_prog_GREP=grep
ac_cv_prog_MAKE_LOWER_TAGS=yes
ac_cv_prog_MAKE_UPPER_TAGS=yes
ac_cv_prog_ac_ct_AR=ar
ac_cv_prog_ac_ct_CC=gcc
ac_cv_prog_ac_ct_CXX=g++
ac_cv_prog_ac_ct_INFOCMP=infocmp
ac_cv_prog_ac_ct_LD=ld
ac_cv_prog_ac_ct_NM=nm
ac_cv_prog_ac_ct_RANLIB=ranlib
ac_cv_prog_ac_ct_TIC=tic
ac_cv_prog_cc_g=yes
ac_cv_prog_cc_stdc=
ac_cv_prog_cxx_g=yes
ac_cv_prog_gcc_traditional=no
ac_cv_prog_make_make_set=yes
ac_cv_sizeof_signed_char=1
ac_cv_sys_file_offset_bits=no
ac_cv_sys_large_files=no
ac_cv_sys_largefile_CC=no
ac_cv_sys_largefile_source=no
ac_cv_sys_long_file_names=yes
ac_cv_target=x86_64-pc-linux-gnu
ac_cv_target_alias=x86_64-pc-linux-gnu
ac_cv_type_signed_char=yes
am_cv_langinfo_codeset=yes
cf_cv_abi_version=6
cf_cv_ar_flags=-curvU
cf_cv_define_sigwinch=yes
cf_cv_do_symlinks=yes
cf_cv_enable_lp64=1
cf_cv_enable_opaque=NCURSES_OPAQUE
cf_cv_enable_reentrant=0
cf_cv_gnu_dftsrc_219=yes
cf_cv_gnu_library=yes
cf_cv_gnu_library_219=yes
cf_cv_link_funcs=' link symlink'
cf_cv_make_PHONY=yes
cf_cv_makeflags='-${MAKEFLAGS}'
cf_cv_mixedcase=yes
cf_cv_posix_visible=no
cf_cv_prog_CC_c_o=yes
cf_cv_rel_version=6.3
cf_cv_rm_so_locs=no
cf_cv_shared_soname='`basename $@ .${REL_VERSION}`.${ABI_VERSION}'
cf_cv_shlib_version=rel
cf_cv_shlib_version_infix=no
cf_cv_struct_dirent64=no
cf_cv_system_name=linux-gnu
cf_cv_timestamp='Fri Feb  4 15:31:02 CET 2022'

## ------------ ##
## confdefs.h.  ##
## ------------ ##

#define PACKAGE "ncurses"
#define NCURSES_VERSION "6.3"
#define NCURSES_PATCHDATE 20211021
#define SYSTEM_NAME "linux-gnu"
#ifdef __cplusplus
#include <stdlib.h>
#endif
#define HAVE_LONG_FILE_NAMES 1
#define MIXEDCASE_FILENAMES 1
#define TERMINFO_DIRS "/home/kampr/.nix-profile/share/terminfo:/etc/profiles/per-user/kampr/share/terminfo:/nix/var/nix/profiles/default/share/terminfo:/run/current-system/sw/share/terminfo"
#define TERMINFO "/usr/share/terminfo"
#define HAVE_BIG_CORE 1
#define PURE_TERMINFO 1
#define USE_HOME_TERMINFO 1
#define USE_ROOT_ENVIRON 1
#define USE_ROOT_ACCESS 1
#define HAVE_UNISTD_H 1
#define HAVE_REMOVE 1
#define HAVE_UNLINK 1
#define HAVE_LINK 1
#define HAVE_SYMLINK 1
#define USE_LINKS 1
#define HAVE_LANGINFO_CODESET 1
#define HAVE_FSEEKO 1
#define RGB_PATH "/usr/lib64/X11/rgb.txt"
#define STDC_HEADERS 1
#define HAVE_SYS_TYPES_H 1
#define HAVE_SYS_STAT_H 1
#define HAVE_STDLIB_H 1
#define HAVE_STRING_H 1
#define HAVE_MEMORY_H 1
#define HAVE_STRINGS_H 1
#define HAVE_INTTYPES_H 1
#define HAVE_STDINT_H 1
#define HAVE_UNISTD_H 1
#define SIZEOF_SIGNED_CHAR 1
#define NCURSES_EXT_FUNCS 1
#define HAVE_ASSUME_DEFAULT_COLORS 1
#define HAVE_CURSES_VERSION 1
#define HAVE_HAS_KEY 1
#define HAVE_RESIZETERM 1
#define HAVE_RESIZE_TERM 1
#define HAVE_TERM_ENTRY_H 1
#define HAVE_USE_DEFAULT_COLORS 1
#define HAVE_USE_EXTENDED_NAMES 1
#define HAVE_USE_SCREEN 1
#define HAVE_USE_WINDOW 1
#define HAVE_WRESIZE 1
#define NCURSES_SP_FUNCS 1
#define HAVE_TPUTS_SP 1
#define NCURSES_EXT_PUTWIN 1
#define NCURSES_NO_PADDING 1
#define USE_SIGWINCH 1
#define NCURSES_WRAP_PREFIX "_nc_"
#define USE_ASSUMED_COLOR 1
#define USE_HASHMAP 1


configure: caught signal 2
configure: exit 1
